<?xml version="1.0" encoding="UTF-8"?>
<!-- Generated by org.testng.reporters.JUnitXMLReporter -->
<testsuite ignored="0" hostname="Sanjeevs-MacBook-Air.local" failures="0" tests="3" name="Default test" time="6.562" errors="0" timestamp="10 Jun 2021 02:36:58 GMT">
  <testcase classname="com.shweta.restassured.rs.login" name="addData" time="0.388"/>
  <testcase classname="com.shweta.restassured.rs.login" name="deleteData" time="0.207"/>
  <testcase classname="com.shweta.restassured.rs.login" name="getData" time="5.943"/>
</testsuite> <!-- Default test -->
